# JRE version: OpenJDK Runtime Environment (17.0.11) (build 17.0.11+0-17.0.11b1207.24-11852314)
# Java VM: OpenJDK 64-Bit Server VM (17.0.11+0-17.0.11b1207.24-11852314, mixed mode, tiered, compressed oops, compressed class ptrs, g1 gc, linux-amd64)
GC Precious Log:
 CPUs: 6 total, 6 available
 Memory: 7848M
 Large Page Support: Disabled
 NUMA Support: Disabled
 Compressed Oops: Enabled (32-bit)
 Heap Region Size: 1M
 Heap Min Capacity: 8M
 Heap Initial Capacity: 124M
 Heap Max Capacity: 2G
 Pre-touch: Disabled
 Parallel Workers: 6
 Concurrent Workers: 2
 Concurrent Refinement Workers: 6
 Periodic GC: Disabled
Heap:
 garbage-first heap   total 482304K, used 329354K [0x0000000080000000, 0x0000000100000000)
  region size 1024K, 252 young (258048K), 18 survivors (18432K)
 Metaspace       used 60438K, committed 60992K, reserved 1114112K
  class space    used 7898K, committed 8128K, reserved 1048576K
GC Heap History (20 events):
Event: 18.279 GC heap before
{Heap before GC invocations=64 (full 0):
 garbage-first heap   total 414720K, used 308497K [0x0000000080000000, 0x0000000100000000)
  region size 1024K, 243 young (248832K), 17 survivors (17408K)
 Metaspace       used 59049K, committed 59584K, reserved 1114112K
  class space    used 7779K, committed 8064K, reserved 1048576K
}
Event: 18.287 GC heap after
{Heap after GC invocations=65 (full 0):
 garbage-first heap   total 414720K, used 78151K [0x0000000080000000, 0x0000000100000000)
  region size 1024K, 14 young (14336K), 14 survivors (14336K)
 Metaspace       used 59049K, committed 59584K, reserved 1114112K
  class space    used 7779K, committed 8064K, reserved 1048576K
}
Event: 18.563 GC heap before
{Heap before GC invocations=65 (full 0):
 garbage-first heap   total 414720K, used 312647K [0x0000000080000000, 0x0000000100000000)
  region size 1024K, 243 young (248832K), 14 survivors (14336K)
 Metaspace       used 59049K, committed 59584K, reserved 1114112K
  class space    used 7779K, committed 8064K, reserved 1048576K
}
Event: 18.571 GC heap after
{Heap after GC invocations=66 (full 0):
 garbage-first heap   total 414720K, used 80074K [0x0000000080000000, 0x0000000100000000)
  region size 1024K, 15 young (15360K), 15 survivors (15360K)
 Metaspace       used 59049K, committed 59584K, reserved 1114112K
  class space    used 7779K, committed 8064K, reserved 1048576K
}
Event: 18.816 GC heap before
{Heap before GC invocations=66 (full 0):
 garbage-first heap   total 414720K, used 313546K [0x0000000080000000, 0x0000000100000000)
  region size 1024K, 243 young (248832K), 15 survivors (15360K)
 Metaspace       used 59053K, committed 59584K, reserved 1114112K
  class space    used 7779K, committed 8064K, reserved 1048576K
}
Event: 18.824 GC heap after
{Heap after GC invocations=67 (full 0):
 garbage-first heap   total 414720K, used 81445K [0x0000000080000000, 0x0000000100000000)
  region size 1024K, 16 young (16384K), 16 survivors (16384K)
 Metaspace       used 59053K, committed 59584K, reserved 1114112K
  class space    used 7779K, committed 8064K, reserved 1048576K
}
Event: 19.065 GC heap before
{Heap before GC invocations=67 (full 0):
 garbage-first heap   total 414720K, used 313893K [0x0000000080000000, 0x0000000100000000)
  region size 1024K, 243 young (248832K), 16 survivors (16384K)
 Metaspace       used 59058K, committed 59584K, reserved 1114112K
  class space    used 7779K, committed 8064K, reserved 1048576K
}
Event: 19.072 GC heap after
{Heap after GC invocations=68 (full 0):
 garbage-first heap   total 414720K, used 82620K [0x0000000080000000, 0x0000000100000000)
  region size 1024K, 16 young (16384K), 16 survivors (16384K)
 Metaspace       used 59058K, committed 59584K, reserved 1114112K
  class space    used 7779K, committed 8064K, reserved 1048576K
}
Event: 19.296 GC heap before
{Heap before GC invocations=68 (full 0):
 garbage-first heap   total 414720K, used 315068K [0x0000000080000000, 0x0000000100000000)
  region size 1024K, 243 young (248832K), 16 survivors (16384K)
 Metaspace       used 59068K, committed 59648K, reserved 1114112K
  class space    used 7779K, committed 8064K, reserved 1048576K
}
Event: 19.305 GC heap after
{Heap after GC invocations=69 (full 0):
 garbage-first heap   total 414720K, used 83938K [0x0000000080000000, 0x0000000100000000)
  region size 1024K, 17 young (17408K), 17 survivors (17408K)
 Metaspace       used 59068K, committed 59648K, reserved 1114112K
  class space    used 7779K, committed 8064K, reserved 1048576K
}
Event: 19.495 GC heap before
{Heap before GC invocations=69 (full 0):
 garbage-first heap   total 414720K, used 315362K [0x0000000080000000, 0x0000000100000000)
  region size 1024K, 243 young (248832K), 17 survivors (17408K)
 Metaspace       used 59079K, committed 59648K, reserved 1114112K
  class space    used 7780K, committed 8064K, reserved 1048576K
}
Event: 19.503 GC heap after
{Heap after GC invocations=70 (full 0):
 garbage-first heap   total 414720K, used 84923K [0x0000000080000000, 0x0000000100000000)
  region size 1024K, 17 young (17408K), 17 survivors (17408K)
 Metaspace       used 59079K, committed 59648K, reserved 1114112K
  class space    used 7780K, committed 8064K, reserved 1048576K
}
Event: 19.715 GC heap before
{Heap before GC invocations=70 (full 0):
 garbage-first heap   total 414720K, used 317371K [0x0000000080000000, 0x0000000100000000)
  region size 1024K, 243 young (248832K), 17 survivors (17408K)
 Metaspace       used 59080K, committed 59648K, reserved 1114112K
  class space    used 7780K, committed 8064K, reserved 1048576K
}
Event: 19.724 GC heap after
{Heap after GC invocations=71 (full 0):
 garbage-first heap   total 482304K, used 85878K [0x0000000080000000, 0x0000000100000000)
  region size 1024K, 17 young (17408K), 17 survivors (17408K)
 Metaspace       used 59080K, committed 59648K, reserved 1114112K
  class space    used 7780K, committed 8064K, reserved 1048576K
}
Event: 19.977 GC heap before
{Heap before GC invocations=71 (full 0):
 garbage-first heap   total 482304K, used 357238K [0x0000000080000000, 0x0000000100000000)
  region size 1024K, 282 young (288768K), 17 survivors (17408K)
 Metaspace       used 59084K, committed 59648K, reserved 1114112K
  class space    used 7780K, committed 8064K, reserved 1048576K
}
Event: 19.985 GC heap after
{Heap after GC invocations=72 (full 0):
 garbage-first heap   total 482304K, used 87397K [0x0000000080000000, 0x0000000100000000)
  region size 1024K, 18 young (18432K), 18 survivors (18432K)
 Metaspace       used 59084K, committed 59648K, reserved 1114112K
  class space    used 7780K, committed 8064K, reserved 1048576K
}
Event: 20.238 GC heap before
{Heap before GC invocations=72 (full 0):
 garbage-first heap   total 482304K, used 357733K [0x0000000080000000, 0x0000000100000000)
  region size 1024K, 282 young (288768K), 18 survivors (18432K)
 Metaspace       used 59087K, committed 59648K, reserved 1114112K
  class space    used 7780K, committed 8064K, reserved 1048576K
}
Event: 20.247 GC heap after
{Heap after GC invocations=73 (full 0):
 garbage-first heap   total 482304K, used 88766K [0x0000000080000000, 0x0000000100000000)
  region size 1024K, 18 young (18432K), 18 survivors (18432K)
 Metaspace       used 59087K, committed 59648K, reserved 1114112K
  class space    used 7780K, committed 8064K, reserved 1048576K
}
Event: 20.475 GC heap before
{Heap before GC invocations=73 (full 0):
 garbage-first heap   total 482304K, used 359102K [0x0000000080000000, 0x0000000100000000)
  region size 1024K, 282 young (288768K), 18 survivors (18432K)
 Metaspace       used 59090K, committed 59648K, reserved 1114112K
  class space    used 7780K, committed 8064K, reserved 1048576K
}
Event: 20.484 GC heap after
{Heap after GC invocations=74 (full 0):
 garbage-first heap   total 482304K, used 89738K [0x0000000080000000, 0x0000000100000000)
  region size 1024K, 18 young (18432K), 18 survivors (18432K)
 Metaspace       used 59090K, committed 59648K, reserved 1114112K
  class space    used 7780K, committed 8064K, reserved 1048576K
}

